14-Oct-2025 19:31:48.413 INFO [main] org.apache.catalina.startup.VersionLoggerListener.log Server version name:   Apache Tomcat/9.0.100
14-Oct-2025 19:31:48.414 INFO [main] org.apache.catalina.startup.VersionLoggerListener.log Server built:          Feb 13 2025 11:29:56 UTC
14-Oct-2025 19:31:48.414 INFO [main] org.apache.catalina.startup.VersionLoggerListener.log Server version number: 9.0.100.0
14-Oct-2025 19:31:48.415 INFO [main] org.apache.catalina.startup.VersionLoggerListener.log OS Name:               Mac OS X
14-Oct-2025 19:31:48.415 INFO [main] org.apache.catalina.startup.VersionLoggerListener.log OS Version:            15.6.1
14-Oct-2025 19:31:48.415 INFO [main] org.apache.catalina.startup.VersionLoggerListener.log Architecture:          aarch64
14-Oct-2025 19:31:48.415 INFO [main] org.apache.catalina.startup.VersionLoggerListener.log Java Home:             /opt/homebrew/Cellar/openjdk@11/11.0.28/libexec/openjdk.jdk/Contents/Home
14-Oct-2025 19:31:48.415 INFO [main] org.apache.catalina.startup.VersionLoggerListener.log JVM Version:           11.0.28+0
14-Oct-2025 19:31:48.415 INFO [main] org.apache.catalina.startup.VersionLoggerListener.log JVM Vendor:            Homebrew
14-Oct-2025 19:31:48.415 INFO [main] org.apache.catalina.startup.VersionLoggerListener.log CATALINA_BASE:         /Users/chen/Projects/F25_CS3220/apache-tomcat-9.0.100
14-Oct-2025 19:31:48.415 INFO [main] org.apache.catalina.startup.VersionLoggerListener.log CATALINA_HOME:         /Users/chen/Projects/F25_CS3220/apache-tomcat-9.0.100
14-Oct-2025 19:31:48.423 INFO [main] org.apache.catalina.startup.VersionLoggerListener.log Command line argument: --add-opens=java.base/java.lang=ALL-UNNAMED
14-Oct-2025 19:31:48.423 INFO [main] org.apache.catalina.startup.VersionLoggerListener.log Command line argument: --add-opens=java.base/java.io=ALL-UNNAMED
14-Oct-2025 19:31:48.423 INFO [main] org.apache.catalina.startup.VersionLoggerListener.log Command line argument: --add-opens=java.base/java.util=ALL-UNNAMED
14-Oct-2025 19:31:48.423 INFO [main] org.apache.catalina.startup.VersionLoggerListener.log Command line argument: --add-opens=java.base/java.util.concurrent=ALL-UNNAMED
14-Oct-2025 19:31:48.423 INFO [main] org.apache.catalina.startup.VersionLoggerListener.log Command line argument: --add-opens=java.rmi/sun.rmi.transport=ALL-UNNAMED
14-Oct-2025 19:31:48.423 INFO [main] org.apache.catalina.startup.VersionLoggerListener.log Command line argument: -Djava.util.logging.config.file=/Users/chen/Projects/F25_CS3220/apache-tomcat-9.0.100/conf/logging.properties
14-Oct-2025 19:31:48.423 INFO [main] org.apache.catalina.startup.VersionLoggerListener.log Command line argument: -Djava.util.logging.manager=org.apache.juli.ClassLoaderLogManager
14-Oct-2025 19:31:48.423 INFO [main] org.apache.catalina.startup.VersionLoggerListener.log Command line argument: -Djdk.tls.ephemeralDHKeySize=2048
14-Oct-2025 19:31:48.423 INFO [main] org.apache.catalina.startup.VersionLoggerListener.log Command line argument: -Djava.protocol.handler.pkgs=org.apache.catalina.webresources
14-Oct-2025 19:31:48.423 INFO [main] org.apache.catalina.startup.VersionLoggerListener.log Command line argument: -Dsun.io.useCanonCaches=false
14-Oct-2025 19:31:48.423 INFO [main] org.apache.catalina.startup.VersionLoggerListener.log Command line argument: -Dorg.apache.catalina.security.SecurityListener.UMASK=0027
14-Oct-2025 19:31:48.423 INFO [main] org.apache.catalina.startup.VersionLoggerListener.log Command line argument: -Dignore.endorsed.dirs=
14-Oct-2025 19:31:48.423 INFO [main] org.apache.catalina.startup.VersionLoggerListener.log Command line argument: -Dcatalina.base=/Users/chen/Projects/F25_CS3220/apache-tomcat-9.0.100
14-Oct-2025 19:31:48.423 INFO [main] org.apache.catalina.startup.VersionLoggerListener.log Command line argument: -Dcatalina.home=/Users/chen/Projects/F25_CS3220/apache-tomcat-9.0.100
14-Oct-2025 19:31:48.424 INFO [main] org.apache.catalina.startup.VersionLoggerListener.log Command line argument: -Djava.io.tmpdir=/Users/chen/Projects/F25_CS3220/apache-tomcat-9.0.100/temp
14-Oct-2025 19:31:48.429 INFO [main] org.apache.catalina.core.AprLifecycleListener.lifecycleEvent The Apache Tomcat Native library which allows using OpenSSL was not found on the java.library.path: [/Users/chen/Library/Java/Extensions:/Library/Java/Extensions:/Network/Library/Java/Extensions:/System/Library/Java/Extensions:/usr/lib/java:.]
14-Oct-2025 19:31:48.564 INFO [main] org.apache.coyote.AbstractProtocol.init Initializing ProtocolHandler ["http-nio-8080"]
14-Oct-2025 19:31:48.573 SEVERE [main] org.apache.catalina.util.LifecycleBase.handleSubClassException Failed to initialize component [Connector["http-nio-8080"]]
	org.apache.catalina.LifecycleException: Protocol handler initialization failed
		at org.apache.catalina.connector.Connector.initInternal(Connector.java:1048)
		at org.apache.catalina.util.LifecycleBase.init(LifecycleBase.java:122)
		at org.apache.catalina.core.StandardService.initInternal(StandardService.java:525)
		at org.apache.catalina.util.LifecycleBase.init(LifecycleBase.java:122)
		at org.apache.catalina.core.StandardServer.initInternal(StandardServer.java:986)
		at org.apache.catalina.util.LifecycleBase.init(LifecycleBase.java:122)
		at org.apache.catalina.startup.Catalina.load(Catalina.java:690)
		at org.apache.catalina.startup.Catalina.load(Catalina.java:713)
		at java.base/jdk.internal.reflect.NativeMethodAccessorImpl.invoke0(Native Method)
		at java.base/jdk.internal.reflect.NativeMethodAccessorImpl.invoke(NativeMethodAccessorImpl.java:62)
		at java.base/jdk.internal.reflect.DelegatingMethodAccessorImpl.invoke(DelegatingMethodAccessorImpl.java:43)
		at java.base/java.lang.reflect.Method.invoke(Method.java:566)
		at org.apache.catalina.startup.Bootstrap.load(Bootstrap.java:302)
		at org.apache.catalina.startup.Bootstrap.main(Bootstrap.java:472)
	Caused by: java.net.BindException: Address already in use
		at java.base/sun.nio.ch.Net.bind0(Native Method)
		at java.base/sun.nio.ch.Net.bind(Net.java:459)
		at java.base/sun.nio.ch.Net.bind(Net.java:448)
		at java.base/sun.nio.ch.ServerSocketChannelImpl.bind(ServerSocketChannelImpl.java:227)
		at org.apache.tomcat.util.net.NioEndpoint.initServerSocket(NioEndpoint.java:268)
		at org.apache.tomcat.util.net.NioEndpoint.bind(NioEndpoint.java:223)
		at org.apache.tomcat.util.net.AbstractEndpoint.bindWithCleanup(AbstractEndpoint.java:1373)
		at org.apache.tomcat.util.net.AbstractEndpoint.init(AbstractEndpoint.java:1386)
		at org.apache.coyote.AbstractProtocol.init(AbstractProtocol.java:663)
		at org.apache.coyote.http11.AbstractHttp11Protocol.init(AbstractHttp11Protocol.java:80)
		at org.apache.catalina.connector.Connector.initInternal(Connector.java:1046)
		... 13 more
14-Oct-2025 19:31:48.574 INFO [main] org.apache.catalina.startup.Catalina.load Server initialization in [250] milliseconds
14-Oct-2025 19:31:48.597 INFO [main] org.apache.catalina.core.StandardService.startInternal Starting service [Catalina]
14-Oct-2025 19:31:48.597 INFO [main] org.apache.catalina.core.StandardEngine.startInternal Starting Servlet engine: [Apache Tomcat/9.0.100]
14-Oct-2025 19:31:48.604 INFO [main] org.apache.catalina.startup.HostConfig.deployWAR Deploying web application archive [/Users/chen/Projects/F25_CS3220/apache-tomcat-9.0.100/webapps/LoginSession.war]
14-Oct-2025 19:31:48.759 INFO [main] org.apache.catalina.startup.HostConfig.deployWAR Deployment of web application archive [/Users/chen/Projects/F25_CS3220/apache-tomcat-9.0.100/webapps/LoginSession.war] has finished in [155] ms
14-Oct-2025 19:31:48.760 INFO [main] org.apache.catalina.startup.HostConfig.deployDirectory Deploying web application directory [/Users/chen/Projects/F25_CS3220/apache-tomcat-9.0.100/webapps/docs]
14-Oct-2025 19:31:48.775 INFO [main] org.apache.catalina.startup.HostConfig.deployDirectory Deployment of web application directory [/Users/chen/Projects/F25_CS3220/apache-tomcat-9.0.100/webapps/docs] has finished in [15] ms
14-Oct-2025 19:31:48.775 INFO [main] org.apache.catalina.startup.HostConfig.deployDirectory Deploying web application directory [/Users/chen/Projects/F25_CS3220/apache-tomcat-9.0.100/webapps/manager]
14-Oct-2025 19:31:48.789 INFO [main] org.apache.catalina.startup.HostConfig.deployDirectory Deployment of web application directory [/Users/chen/Projects/F25_CS3220/apache-tomcat-9.0.100/webapps/manager] has finished in [14] ms
14-Oct-2025 19:31:48.790 INFO [main] org.apache.catalina.startup.HostConfig.deployDirectory Deploying web application directory [/Users/chen/Projects/F25_CS3220/apache-tomcat-9.0.100/webapps/examples]
14-Oct-2025 19:31:48.886 INFO [main] org.apache.catalina.startup.HostConfig.deployDirectory Deployment of web application directory [/Users/chen/Projects/F25_CS3220/apache-tomcat-9.0.100/webapps/examples] has finished in [96] ms
14-Oct-2025 19:31:48.886 INFO [main] org.apache.catalina.startup.HostConfig.deployDirectory Deploying web application directory [/Users/chen/Projects/F25_CS3220/apache-tomcat-9.0.100/webapps/ROOT]
14-Oct-2025 19:31:48.893 INFO [main] org.apache.catalina.startup.HostConfig.deployDirectory Deployment of web application directory [/Users/chen/Projects/F25_CS3220/apache-tomcat-9.0.100/webapps/ROOT] has finished in [7] ms
14-Oct-2025 19:31:48.893 INFO [main] org.apache.catalina.startup.HostConfig.deployDirectory Deploying web application directory [/Users/chen/Projects/F25_CS3220/apache-tomcat-9.0.100/webapps/host-manager]
14-Oct-2025 19:31:48.902 INFO [main] org.apache.catalina.startup.HostConfig.deployDirectory Deployment of web application directory [/Users/chen/Projects/F25_CS3220/apache-tomcat-9.0.100/webapps/host-manager] has finished in [9] ms
14-Oct-2025 19:31:48.905 INFO [main] org.apache.catalina.startup.Catalina.start Server startup in [331] milliseconds
14-Oct-2025 19:31:48.907 SEVERE [main] org.apache.catalina.core.StandardServer.await Failed to create server shutdown socket on address [localhost] and port [8005] (base port [8005] and offset [0])
	java.net.BindException: Address already in use (Bind failed)
		at java.base/java.net.PlainSocketImpl.socketBind(Native Method)
		at java.base/java.net.AbstractPlainSocketImpl.bind(AbstractPlainSocketImpl.java:452)
		at java.base/java.net.ServerSocket.bind(ServerSocket.java:395)
		at java.base/java.net.ServerSocket.<init>(ServerSocket.java:257)
		at org.apache.catalina.core.StandardServer.await(StandardServer.java:537)
		at org.apache.catalina.startup.Catalina.await(Catalina.java:829)
		at org.apache.catalina.startup.Catalina.start(Catalina.java:777)
		at java.base/jdk.internal.reflect.NativeMethodAccessorImpl.invoke0(Native Method)
		at java.base/jdk.internal.reflect.NativeMethodAccessorImpl.invoke(NativeMethodAccessorImpl.java:62)
		at java.base/jdk.internal.reflect.DelegatingMethodAccessorImpl.invoke(DelegatingMethodAccessorImpl.java:43)
		at java.base/java.lang.reflect.Method.invoke(Method.java:566)
		at org.apache.catalina.startup.Bootstrap.start(Bootstrap.java:345)
		at org.apache.catalina.startup.Bootstrap.main(Bootstrap.java:473)
14-Oct-2025 19:31:48.908 INFO [main] org.apache.coyote.AbstractProtocol.pause Pausing ProtocolHandler ["http-nio-8080"]
14-Oct-2025 19:31:48.908 INFO [main] org.apache.catalina.core.StandardService.stopInternal Stopping service [Catalina]
14-Oct-2025 19:31:48.915 INFO [main] org.apache.coyote.AbstractProtocol.stop Stopping ProtocolHandler ["http-nio-8080"]
14-Oct-2025 19:31:48.916 INFO [main] org.apache.coyote.AbstractProtocol.destroy Destroying ProtocolHandler ["http-nio-8080"]
