17-Oct-2025 16:46:37.756 INFO [main] org.apache.catalina.startup.VersionLoggerListener.log Server version name:   Apache Tomcat/9.0.100
17-Oct-2025 16:46:37.758 INFO [main] org.apache.catalina.startup.VersionLoggerListener.log Server built:          Feb 13 2025 11:29:56 UTC
17-Oct-2025 16:46:37.758 INFO [main] org.apache.catalina.startup.VersionLoggerListener.log Server version number: 9.0.100.0
17-Oct-2025 16:46:37.758 INFO [main] org.apache.catalina.startup.VersionLoggerListener.log OS Name:               Mac OS X
17-Oct-2025 16:46:37.758 INFO [main] org.apache.catalina.startup.VersionLoggerListener.log OS Version:            15.6.1
17-Oct-2025 16:46:37.758 INFO [main] org.apache.catalina.startup.VersionLoggerListener.log Architecture:          aarch64
17-Oct-2025 16:46:37.758 INFO [main] org.apache.catalina.startup.VersionLoggerListener.log Java Home:             /opt/homebrew/Cellar/openjdk@11/11.0.28/libexec/openjdk.jdk/Contents/Home
17-Oct-2025 16:46:37.758 INFO [main] org.apache.catalina.startup.VersionLoggerListener.log JVM Version:           11.0.28+0
17-Oct-2025 16:46:37.758 INFO [main] org.apache.catalina.startup.VersionLoggerListener.log JVM Vendor:            Homebrew
17-Oct-2025 16:46:37.758 INFO [main] org.apache.catalina.startup.VersionLoggerListener.log CATALINA_BASE:         /Users/chen/Projects/F25_CS3220/apache-tomcat-9.0.100
17-Oct-2025 16:46:37.758 INFO [main] org.apache.catalina.startup.VersionLoggerListener.log CATALINA_HOME:         /Users/chen/Projects/F25_CS3220/apache-tomcat-9.0.100
17-Oct-2025 16:46:37.785 INFO [main] org.apache.catalina.startup.VersionLoggerListener.log Command line argument: --add-opens=java.base/java.lang=ALL-UNNAMED
17-Oct-2025 16:46:37.785 INFO [main] org.apache.catalina.startup.VersionLoggerListener.log Command line argument: --add-opens=java.base/java.io=ALL-UNNAMED
17-Oct-2025 16:46:37.785 INFO [main] org.apache.catalina.startup.VersionLoggerListener.log Command line argument: --add-opens=java.base/java.util=ALL-UNNAMED
17-Oct-2025 16:46:37.785 INFO [main] org.apache.catalina.startup.VersionLoggerListener.log Command line argument: --add-opens=java.base/java.util.concurrent=ALL-UNNAMED
17-Oct-2025 16:46:37.786 INFO [main] org.apache.catalina.startup.VersionLoggerListener.log Command line argument: --add-opens=java.rmi/sun.rmi.transport=ALL-UNNAMED
17-Oct-2025 16:46:37.786 INFO [main] org.apache.catalina.startup.VersionLoggerListener.log Command line argument: -Djava.util.logging.config.file=/Users/chen/Projects/F25_CS3220/apache-tomcat-9.0.100/conf/logging.properties
17-Oct-2025 16:46:37.786 INFO [main] org.apache.catalina.startup.VersionLoggerListener.log Command line argument: -Djava.util.logging.manager=org.apache.juli.ClassLoaderLogManager
17-Oct-2025 16:46:37.786 INFO [main] org.apache.catalina.startup.VersionLoggerListener.log Command line argument: -Djdk.tls.ephemeralDHKeySize=2048
17-Oct-2025 16:46:37.786 INFO [main] org.apache.catalina.startup.VersionLoggerListener.log Command line argument: -Djava.protocol.handler.pkgs=org.apache.catalina.webresources
17-Oct-2025 16:46:37.786 INFO [main] org.apache.catalina.startup.VersionLoggerListener.log Command line argument: -Dsun.io.useCanonCaches=false
17-Oct-2025 16:46:37.786 INFO [main] org.apache.catalina.startup.VersionLoggerListener.log Command line argument: -Dorg.apache.catalina.security.SecurityListener.UMASK=0027
17-Oct-2025 16:46:37.786 INFO [main] org.apache.catalina.startup.VersionLoggerListener.log Command line argument: -Dignore.endorsed.dirs=
17-Oct-2025 16:46:37.786 INFO [main] org.apache.catalina.startup.VersionLoggerListener.log Command line argument: -Dcatalina.base=/Users/chen/Projects/F25_CS3220/apache-tomcat-9.0.100
17-Oct-2025 16:46:37.786 INFO [main] org.apache.catalina.startup.VersionLoggerListener.log Command line argument: -Dcatalina.home=/Users/chen/Projects/F25_CS3220/apache-tomcat-9.0.100
17-Oct-2025 16:46:37.786 INFO [main] org.apache.catalina.startup.VersionLoggerListener.log Command line argument: -Djava.io.tmpdir=/Users/chen/Projects/F25_CS3220/apache-tomcat-9.0.100/temp
17-Oct-2025 16:46:37.792 INFO [main] org.apache.catalina.core.AprLifecycleListener.lifecycleEvent The Apache Tomcat Native library which allows using OpenSSL was not found on the java.library.path: [/Users/chen/Library/Java/Extensions:/Library/Java/Extensions:/Network/Library/Java/Extensions:/System/Library/Java/Extensions:/usr/lib/java:.]
17-Oct-2025 16:46:37.980 INFO [main] org.apache.coyote.AbstractProtocol.init Initializing ProtocolHandler ["http-nio-8080"]
17-Oct-2025 16:46:38.020 INFO [main] org.apache.catalina.startup.Catalina.load Server initialization in [403] milliseconds
17-Oct-2025 16:46:38.054 INFO [main] org.apache.catalina.core.StandardService.startInternal Starting service [Catalina]
17-Oct-2025 16:46:38.054 INFO [main] org.apache.catalina.core.StandardEngine.startInternal Starting Servlet engine: [Apache Tomcat/9.0.100]
17-Oct-2025 16:46:38.061 INFO [main] org.apache.catalina.startup.HostConfig.deployWAR Deploying web application archive [/Users/chen/Projects/F25_CS3220/apache-tomcat-9.0.100/webapps/LoginSession.war]
17-Oct-2025 16:46:38.074 INFO [main] org.apache.catalina.startup.ExpandWar.expand An expanded directory [/Users/chen/Projects/F25_CS3220/apache-tomcat-9.0.100/webapps/LoginSession] was found with a last modified time that did not match the associated WAR. It will be deleted.
17-Oct-2025 16:46:38.306 INFO [main] org.apache.catalina.startup.HostConfig.deployWAR Deployment of web application archive [/Users/chen/Projects/F25_CS3220/apache-tomcat-9.0.100/webapps/LoginSession.war] has finished in [244] ms
17-Oct-2025 16:46:38.307 INFO [main] org.apache.catalina.startup.HostConfig.deployDirectory Deploying web application directory [/Users/chen/Projects/F25_CS3220/apache-tomcat-9.0.100/webapps/docs]
17-Oct-2025 16:46:38.335 INFO [main] org.apache.catalina.startup.HostConfig.deployDirectory Deployment of web application directory [/Users/chen/Projects/F25_CS3220/apache-tomcat-9.0.100/webapps/docs] has finished in [27] ms
17-Oct-2025 16:46:38.335 INFO [main] org.apache.catalina.startup.HostConfig.deployDirectory Deploying web application directory [/Users/chen/Projects/F25_CS3220/apache-tomcat-9.0.100/webapps/manager]
17-Oct-2025 16:46:38.354 INFO [main] org.apache.catalina.startup.HostConfig.deployDirectory Deployment of web application directory [/Users/chen/Projects/F25_CS3220/apache-tomcat-9.0.100/webapps/manager] has finished in [19] ms
17-Oct-2025 16:46:38.354 INFO [main] org.apache.catalina.startup.HostConfig.deployDirectory Deploying web application directory [/Users/chen/Projects/F25_CS3220/apache-tomcat-9.0.100/webapps/examples]
17-Oct-2025 16:46:38.496 INFO [main] org.apache.catalina.startup.HostConfig.deployDirectory Deployment of web application directory [/Users/chen/Projects/F25_CS3220/apache-tomcat-9.0.100/webapps/examples] has finished in [142] ms
17-Oct-2025 16:46:38.496 INFO [main] org.apache.catalina.startup.HostConfig.deployDirectory Deploying web application directory [/Users/chen/Projects/F25_CS3220/apache-tomcat-9.0.100/webapps/ROOT]
17-Oct-2025 16:46:38.507 INFO [main] org.apache.catalina.startup.HostConfig.deployDirectory Deployment of web application directory [/Users/chen/Projects/F25_CS3220/apache-tomcat-9.0.100/webapps/ROOT] has finished in [11] ms
17-Oct-2025 16:46:38.507 INFO [main] org.apache.catalina.startup.HostConfig.deployDirectory Deploying web application directory [/Users/chen/Projects/F25_CS3220/apache-tomcat-9.0.100/webapps/host-manager]
17-Oct-2025 16:46:38.523 INFO [main] org.apache.catalina.startup.HostConfig.deployDirectory Deployment of web application directory [/Users/chen/Projects/F25_CS3220/apache-tomcat-9.0.100/webapps/host-manager] has finished in [16] ms
17-Oct-2025 16:46:38.526 INFO [main] org.apache.coyote.AbstractProtocol.start Starting ProtocolHandler ["http-nio-8080"]
17-Oct-2025 16:46:38.531 INFO [main] org.apache.catalina.startup.Catalina.start Server startup in [510] milliseconds
17-Oct-2025 16:51:19.895 INFO [Catalina-utility-2] org.apache.catalina.startup.HostConfig.undeploy Undeploying context [/LoginSession]
17-Oct-2025 16:51:20.467 INFO [Catalina-utility-2] org.apache.catalina.startup.HostConfig.deployWAR Deploying web application archive [/Users/chen/Projects/F25_CS3220/apache-tomcat-9.0.100/webapps/LoginSession.war]
17-Oct-2025 16:51:21.756 INFO [Catalina-utility-2] org.apache.catalina.startup.HostConfig.deployWAR Deployment of web application archive [/Users/chen/Projects/F25_CS3220/apache-tomcat-9.0.100/webapps/LoginSession.war] has finished in [1,286] ms
17-Oct-2025 16:51:40.125 INFO [main] org.apache.catalina.startup.VersionLoggerListener.log Server version name:   Apache Tomcat/9.0.100
17-Oct-2025 16:51:40.132 INFO [main] org.apache.catalina.startup.VersionLoggerListener.log Server built:          Feb 13 2025 11:29:56 UTC
17-Oct-2025 16:51:40.132 INFO [main] org.apache.catalina.startup.VersionLoggerListener.log Server version number: 9.0.100.0
17-Oct-2025 16:51:40.132 INFO [main] org.apache.catalina.startup.VersionLoggerListener.log OS Name:               Mac OS X
17-Oct-2025 16:51:40.132 INFO [main] org.apache.catalina.startup.VersionLoggerListener.log OS Version:            15.6.1
17-Oct-2025 16:51:40.132 INFO [main] org.apache.catalina.startup.VersionLoggerListener.log Architecture:          aarch64
17-Oct-2025 16:51:40.133 INFO [main] org.apache.catalina.startup.VersionLoggerListener.log Java Home:             /opt/homebrew/Cellar/openjdk@11/11.0.28/libexec/openjdk.jdk/Contents/Home
17-Oct-2025 16:51:40.133 INFO [main] org.apache.catalina.startup.VersionLoggerListener.log JVM Version:           11.0.28+0
17-Oct-2025 16:51:40.133 INFO [main] org.apache.catalina.startup.VersionLoggerListener.log JVM Vendor:            Homebrew
17-Oct-2025 16:51:40.133 INFO [main] org.apache.catalina.startup.VersionLoggerListener.log CATALINA_BASE:         /Users/chen/Projects/F25_CS3220/apache-tomcat-9.0.100
17-Oct-2025 16:51:40.133 INFO [main] org.apache.catalina.startup.VersionLoggerListener.log CATALINA_HOME:         /Users/chen/Projects/F25_CS3220/apache-tomcat-9.0.100
17-Oct-2025 16:51:40.212 INFO [main] org.apache.catalina.startup.VersionLoggerListener.log Command line argument: --add-opens=java.base/java.lang=ALL-UNNAMED
17-Oct-2025 16:51:40.227 INFO [main] org.apache.catalina.startup.VersionLoggerListener.log Command line argument: --add-opens=java.base/java.io=ALL-UNNAMED
17-Oct-2025 16:51:40.227 INFO [main] org.apache.catalina.startup.VersionLoggerListener.log Command line argument: --add-opens=java.base/java.util=ALL-UNNAMED
17-Oct-2025 16:51:40.227 INFO [main] org.apache.catalina.startup.VersionLoggerListener.log Command line argument: --add-opens=java.base/java.util.concurrent=ALL-UNNAMED
17-Oct-2025 16:51:40.232 INFO [main] org.apache.catalina.startup.VersionLoggerListener.log Command line argument: --add-opens=java.rmi/sun.rmi.transport=ALL-UNNAMED
17-Oct-2025 16:51:40.232 INFO [main] org.apache.catalina.startup.VersionLoggerListener.log Command line argument: -Djava.util.logging.config.file=/Users/chen/Projects/F25_CS3220/apache-tomcat-9.0.100/conf/logging.properties
17-Oct-2025 16:51:40.232 INFO [main] org.apache.catalina.startup.VersionLoggerListener.log Command line argument: -Djava.util.logging.manager=org.apache.juli.ClassLoaderLogManager
17-Oct-2025 16:51:40.232 INFO [main] org.apache.catalina.startup.VersionLoggerListener.log Command line argument: -Djdk.tls.ephemeralDHKeySize=2048
17-Oct-2025 16:51:40.232 INFO [main] org.apache.catalina.startup.VersionLoggerListener.log Command line argument: -Djava.protocol.handler.pkgs=org.apache.catalina.webresources
17-Oct-2025 16:51:40.232 INFO [main] org.apache.catalina.startup.VersionLoggerListener.log Command line argument: -Dsun.io.useCanonCaches=false
17-Oct-2025 16:51:40.232 INFO [main] org.apache.catalina.startup.VersionLoggerListener.log Command line argument: -Dorg.apache.catalina.security.SecurityListener.UMASK=0027
17-Oct-2025 16:51:40.232 INFO [main] org.apache.catalina.startup.VersionLoggerListener.log Command line argument: -Dignore.endorsed.dirs=
17-Oct-2025 16:51:40.232 INFO [main] org.apache.catalina.startup.VersionLoggerListener.log Command line argument: -Dcatalina.base=/Users/chen/Projects/F25_CS3220/apache-tomcat-9.0.100
17-Oct-2025 16:51:40.233 INFO [main] org.apache.catalina.startup.VersionLoggerListener.log Command line argument: -Dcatalina.home=/Users/chen/Projects/F25_CS3220/apache-tomcat-9.0.100
17-Oct-2025 16:51:40.233 INFO [main] org.apache.catalina.startup.VersionLoggerListener.log Command line argument: -Djava.io.tmpdir=/Users/chen/Projects/F25_CS3220/apache-tomcat-9.0.100/temp
17-Oct-2025 16:51:40.250 INFO [main] org.apache.catalina.core.AprLifecycleListener.lifecycleEvent The Apache Tomcat Native library which allows using OpenSSL was not found on the java.library.path: [/Users/chen/Library/Java/Extensions:/Library/Java/Extensions:/Network/Library/Java/Extensions:/System/Library/Java/Extensions:/usr/lib/java:.]
17-Oct-2025 16:51:42.843 INFO [main] org.apache.coyote.AbstractProtocol.init Initializing ProtocolHandler ["http-nio-8080"]
17-Oct-2025 16:51:43.096 SEVERE [main] org.apache.catalina.util.LifecycleBase.handleSubClassException Failed to initialize component [Connector["http-nio-8080"]]
	org.apache.catalina.LifecycleException: Protocol handler initialization failed
		at org.apache.catalina.connector.Connector.initInternal(Connector.java:1048)
		at org.apache.catalina.util.LifecycleBase.init(LifecycleBase.java:122)
		at org.apache.catalina.core.StandardService.initInternal(StandardService.java:525)
		at org.apache.catalina.util.LifecycleBase.init(LifecycleBase.java:122)
		at org.apache.catalina.core.StandardServer.initInternal(StandardServer.java:986)
		at org.apache.catalina.util.LifecycleBase.init(LifecycleBase.java:122)
		at org.apache.catalina.startup.Catalina.load(Catalina.java:690)
		at org.apache.catalina.startup.Catalina.load(Catalina.java:713)
		at java.base/jdk.internal.reflect.NativeMethodAccessorImpl.invoke0(Native Method)
		at java.base/jdk.internal.reflect.NativeMethodAccessorImpl.invoke(NativeMethodAccessorImpl.java:62)
		at java.base/jdk.internal.reflect.DelegatingMethodAccessorImpl.invoke(DelegatingMethodAccessorImpl.java:43)
		at java.base/java.lang.reflect.Method.invoke(Method.java:566)
		at org.apache.catalina.startup.Bootstrap.load(Bootstrap.java:302)
		at org.apache.catalina.startup.Bootstrap.main(Bootstrap.java:472)
	Caused by: java.net.BindException: Address already in use
		at java.base/sun.nio.ch.Net.bind0(Native Method)
		at java.base/sun.nio.ch.Net.bind(Net.java:459)
		at java.base/sun.nio.ch.Net.bind(Net.java:448)
		at java.base/sun.nio.ch.ServerSocketChannelImpl.bind(ServerSocketChannelImpl.java:227)
		at org.apache.tomcat.util.net.NioEndpoint.initServerSocket(NioEndpoint.java:268)
		at org.apache.tomcat.util.net.NioEndpoint.bind(NioEndpoint.java:223)
		at org.apache.tomcat.util.net.AbstractEndpoint.bindWithCleanup(AbstractEndpoint.java:1373)
		at org.apache.tomcat.util.net.AbstractEndpoint.init(AbstractEndpoint.java:1386)
		at org.apache.coyote.AbstractProtocol.init(AbstractProtocol.java:663)
		at org.apache.coyote.http11.AbstractHttp11Protocol.init(AbstractHttp11Protocol.java:80)
		at org.apache.catalina.connector.Connector.initInternal(Connector.java:1046)
		... 13 more
17-Oct-2025 16:51:43.101 INFO [main] org.apache.catalina.startup.Catalina.load Server initialization in [3600] milliseconds
17-Oct-2025 16:51:43.748 INFO [main] org.apache.catalina.core.StandardService.startInternal Starting service [Catalina]
17-Oct-2025 16:51:43.750 INFO [main] org.apache.catalina.core.StandardEngine.startInternal Starting Servlet engine: [Apache Tomcat/9.0.100]
17-Oct-2025 16:51:43.819 INFO [main] org.apache.catalina.startup.HostConfig.deployWAR Deploying web application archive [/Users/chen/Projects/F25_CS3220/apache-tomcat-9.0.100/webapps/LoginSession.war]
17-Oct-2025 16:51:46.987 INFO [main] org.apache.catalina.startup.HostConfig.deployWAR Deployment of web application archive [/Users/chen/Projects/F25_CS3220/apache-tomcat-9.0.100/webapps/LoginSession.war] has finished in [3,168] ms
17-Oct-2025 16:51:46.989 INFO [main] org.apache.catalina.startup.HostConfig.deployDirectory Deploying web application directory [/Users/chen/Projects/F25_CS3220/apache-tomcat-9.0.100/webapps/docs]
17-Oct-2025 16:51:47.027 INFO [main] org.apache.catalina.startup.HostConfig.deployDirectory Deployment of web application directory [/Users/chen/Projects/F25_CS3220/apache-tomcat-9.0.100/webapps/docs] has finished in [38] ms
17-Oct-2025 16:51:47.027 INFO [main] org.apache.catalina.startup.HostConfig.deployDirectory Deploying web application directory [/Users/chen/Projects/F25_CS3220/apache-tomcat-9.0.100/webapps/manager]
17-Oct-2025 16:51:47.063 INFO [main] org.apache.catalina.startup.HostConfig.deployDirectory Deployment of web application directory [/Users/chen/Projects/F25_CS3220/apache-tomcat-9.0.100/webapps/manager] has finished in [36] ms
17-Oct-2025 16:51:47.063 INFO [main] org.apache.catalina.startup.HostConfig.deployDirectory Deploying web application directory [/Users/chen/Projects/F25_CS3220/apache-tomcat-9.0.100/webapps/examples]
17-Oct-2025 16:51:47.636 INFO [main] org.apache.catalina.startup.HostConfig.deployDirectory Deployment of web application directory [/Users/chen/Projects/F25_CS3220/apache-tomcat-9.0.100/webapps/examples] has finished in [572] ms
17-Oct-2025 16:51:47.636 INFO [main] org.apache.catalina.startup.HostConfig.deployDirectory Deploying web application directory [/Users/chen/Projects/F25_CS3220/apache-tomcat-9.0.100/webapps/ROOT]
17-Oct-2025 16:51:47.673 INFO [main] org.apache.catalina.startup.HostConfig.deployDirectory Deployment of web application directory [/Users/chen/Projects/F25_CS3220/apache-tomcat-9.0.100/webapps/ROOT] has finished in [37] ms
17-Oct-2025 16:51:47.673 INFO [main] org.apache.catalina.startup.HostConfig.deployDirectory Deploying web application directory [/Users/chen/Projects/F25_CS3220/apache-tomcat-9.0.100/webapps/host-manager]
17-Oct-2025 16:51:47.712 INFO [main] org.apache.catalina.startup.HostConfig.deployDirectory Deployment of web application directory [/Users/chen/Projects/F25_CS3220/apache-tomcat-9.0.100/webapps/host-manager] has finished in [39] ms
17-Oct-2025 16:51:47.733 INFO [main] org.apache.catalina.startup.Catalina.start Server startup in [4631] milliseconds
17-Oct-2025 16:51:47.739 SEVERE [main] org.apache.catalina.core.StandardServer.await Failed to create server shutdown socket on address [localhost] and port [8005] (base port [8005] and offset [0])
	java.net.BindException: Address already in use (Bind failed)
		at java.base/java.net.PlainSocketImpl.socketBind(Native Method)
		at java.base/java.net.AbstractPlainSocketImpl.bind(AbstractPlainSocketImpl.java:452)
		at java.base/java.net.ServerSocket.bind(ServerSocket.java:395)
		at java.base/java.net.ServerSocket.<init>(ServerSocket.java:257)
		at org.apache.catalina.core.StandardServer.await(StandardServer.java:537)
		at org.apache.catalina.startup.Catalina.await(Catalina.java:829)
		at org.apache.catalina.startup.Catalina.start(Catalina.java:777)
		at java.base/jdk.internal.reflect.NativeMethodAccessorImpl.invoke0(Native Method)
		at java.base/jdk.internal.reflect.NativeMethodAccessorImpl.invoke(NativeMethodAccessorImpl.java:62)
		at java.base/jdk.internal.reflect.DelegatingMethodAccessorImpl.invoke(DelegatingMethodAccessorImpl.java:43)
		at java.base/java.lang.reflect.Method.invoke(Method.java:566)
		at org.apache.catalina.startup.Bootstrap.start(Bootstrap.java:345)
		at org.apache.catalina.startup.Bootstrap.main(Bootstrap.java:473)
17-Oct-2025 16:51:47.739 INFO [main] org.apache.coyote.AbstractProtocol.pause Pausing ProtocolHandler ["http-nio-8080"]
17-Oct-2025 16:51:47.739 INFO [main] org.apache.catalina.core.StandardService.stopInternal Stopping service [Catalina]
17-Oct-2025 16:51:47.838 INFO [main] org.apache.coyote.AbstractProtocol.stop Stopping ProtocolHandler ["http-nio-8080"]
17-Oct-2025 16:51:47.839 INFO [main] org.apache.coyote.AbstractProtocol.destroy Destroying ProtocolHandler ["http-nio-8080"]
